<?xml version="1.0" encoding="UTF-8"?>
<!-- Generated by org.testng.reporters.JUnitReportReporter -->
<testsuite hostname="Geetha" failures="0" tests="2" name="com.automation.testscripts.POMAutomationScripts" time="47.018" errors="0" timestamp="2023-06-16T19:12:06 PDT" skipped="1">
  <testcase classname="com.automation.testscripts.POMAutomationScripts" name="MySettings_UserMenu_Option_TestScript_07" time="47.018"/>
  <system-out/>
  <testcase classname="com.automation.testscripts.POMAutomationScripts" name="Forgot_Password_TestScript__4A">
    <skipped/>
  </testcase> <!-- Forgot_Password_TestScript__4A -->
  <system-out/>
</testsuite> <!-- com.automation.testscripts.POMAutomationScripts -->
